logs/filler_log_Jun 20 2019__02:00:46.log

Player: players/abbesbes.fillerMap: 15 17Piece: 2 2 fi_map_update                     |
 .  .  .  .  .  .  .  .  .  .  .  .  .  .  .  .  .  
 .  .  .  .  .  .  .  .  .  .  .  .  .  .  .  .  .  
 .  .  .  .  .  .  .  .  .  .  .  .  .  .  .  .  .  
 .  .  .  .  .  .  .  .  .  .  .  .  .  .  .  .  .  
 .  .  .  .  .  .  .  .  .  .  .  .  .  .  .  .  .  
 .  .  .  .  .  .  .  .  .  .  .  .  .  .  .  .  .  
 .  .  .  .  .  .  .  .  .  .  .  .  .  .  .  .  .  
 .  .  .  .  .  .  .  .  .  .  .  .  .  .  .  .  .  
 .  .  O  .  .  .  .  .  .  .  .  .  .  .  .  .  .  
 .  .  .  .  .  .  .  .  .  .  .  .  .  .  .  .  .  
 .  .  .  .  .  .  .  .  .  .  .  .  .  .  .  .  .  
 .  .  .  .  .  .  .  .  .  .  .  .  .  .  .  .  .  
 .  .  .  .  .  .  .  .  .  .  .  .  .  .  X  .  .  
 .  .  .  .  .  .  .  .  .  .  .  .  .  .  .  .  .  
 .  .  .  .  .  .  .  .  .  .  .  .  .  .  .  .  .  
 fi_map_numerize                   |
000 >>  0   0   0   0   0   0   0   0   0   0   0   0   0   0   0   0   0   
001 >>  0   0   0   0   0   0   0   0   0   0   0   0   0   0   0   0   0   
002 >>  0   0   0   0   0   0   0   0   0   0   0   0   0   0   0   0   0   
003 >>  0   0   0   0   0   0   0   0   0   0   0   0   0   0   0   0   0   
004 >>  0   0   0   0   0   0   0   0   0   0   0   0   0   0   0   0   0   
005 >>  0   0   0   0   0   0   0   0   0   0   0   0   0   0   0   0   0   
006 >>  0   0   0   0   0   0   0   0   0   0   0   0   0   0   0   0   0   
007 >>  0   0   0   0   0   0   0   0   0   0   0   0   0   0   0   0   0   
008 >>  0   0   -1  0   0   0   0   0   0   0   0   0   0   0   0   0   0   
009 >>  0   0   0   0   0   0   0   0   0   0   0   0   0   0   0   0   0   
010 >>  0   0   0   0   0   0   0   0   0   0   0   0   0   0   0   0   0   
011 >>  0   0   0   0   0   0   0   0   0   0   0   0   0   0   0   0   0   
012 >>  0   0   0   0   0   0   0   0   0   0   0   0   0   0   -2  0   0   
013 >>  0   0   0   0   0   0   0   0   0   0   0   0   0   0   0   0   0   
014 >>  0   0   0   0   0   0   0   0   0   0   0   0   0   0   0   0   0   
 fi_map_surround                   |
000 >>  0   0   0   0   0   0   0   0   0   0   0   0   0   0   0   0   0   
001 >>  0   0   0   0   0   0   0   0   0   0   0   0   0   0   0   0   0   
002 >>  0   0   0   0   0   0   0   0   0   0   0   0   0   0   0   0   0   
003 >>  0   0   0   0   0   0   0   0   0   0   0   0   0   0   0   0   0   
004 >>  0   0   0   0   0   0   0   0   0   0   0   0   0   0   0   0   0   
005 >>  0   0   0   0   0   0   0   0   0   0   0   0   0   0   0   0   0   
006 >>  0   0   0   0   0   0   0   0   0   0   0   0   0   0   0   0   0   
007 >>  0   0   0   0   0   0   0   0   0   0   0   0   0   0   0   0   0   
008 >>  0   0   -1  0   0   0   0   0   0   0   0   0   0   0   0   0   0   
009 >>  0   0   0   0   0   0   0   0   0   0   0   0   0   0   0   0   0   
010 >>  0   0   0   0   0   0   0   0   0   0   0   0   0   0   0   0   0   
011 >>  0   0   0   0   0   0   0   0   0   0   0   0   0   1   1   1   0   
012 >>  0   0   0   0   0   0   0   0   0   0   0   0   0   1   -2  1   0   
013 >>  0   0   0   0   0   0   0   0   0   0   0   0   0   1   1   1   0   
014 >>  0   0   0   0   0   0   0   0   0   0   0   0   0   0   0   0   0   
 fi_map_calcdist                   |
000 >>  14  13  12  12  12  12  12  12  12  12  12  12  12  12  12  12  12  
001 >>  14  13  12  11  11  11  11  11  11  11  11  11  11  11  11  11  11  
002 >>  14  13  12  11  10  10  10  10  10  10  10  10  10  10  10  10  10  
003 >>  14  13  12  11  10  9   9   9   9   9   9   9   9   9   9   9   9   
004 >>  14  13  12  11  10  9   8   8   8   8   8   8   8   8   8   8   8   
005 >>  14  13  12  11  10  9   8   7   7   7   7   7   7   7   7   7   7   
006 >>  14  13  12  11  10  9   8   7   6   6   6   6   6   6   6   6   6   
007 >>  14  13  12  11  10  9   8   7   6   5   5   5   5   5   5   5   5   
008 >>  14  13  -1  11  10  9   8   7   6   5   4   4   4   4   4   4   4   
009 >>  14  13  12  11  10  9   8   7   6   5   4   3   3   3   3   3   3   
010 >>  14  13  12  11  10  9   8   7   6   5   4   3   2   2   2   2   2   
011 >>  14  13  12  11  10  9   8   7   6   5   4   3   2   1   1   1   2   
012 >>  14  13  12  11  10  9   8   7   6   5   4   3   2   1   -2  1   2   
013 >>  14  13  12  11  10  9   8   7   6   5   4   3   2   1   1   1   2   
014 >>  14  13  12  11  10  9   8   7   6   5   4   3   2   2   2   2   2   
