logs/filler_log_Jun 28 2019__15:55:12.log

 .  *  *  *  
 fi_map_update                     |
 fi_map_numerize                   |
 fi_map_surround                   |
 fi_map_calcdist                   |
 *  *  
 *  *  
 *  *  
 fi_map_update                     |
 fi_map_numerize                   |
 fi_map_surround                   |
 fi_map_calcdist                   |
 .  *  *  *  
 fi_map_update                     |
 fi_map_numerize                   |
 fi_map_surround                   |
 fi_map_calcdist                   |
 *  *  .  
 fi_map_update                     |
 fi_map_numerize                   |
 fi_map_surround                   |
 fi_map_calcdist                   |
 .  .  *  *  
 .  .  .  .  
 .  .  .  .  
 .  .  .  .  
 fi_map_update                     |
 fi_map_numerize                   |
 fi_map_surround                   |
 fi_map_calcdist                   |
 .  .  .  *  .  
 .  *  *  *  .  
 fi_map_update                     |
 fi_map_numerize                   |
 fi_map_surround                   |
 fi_map_calcdist                   |
 .  .  .  
 .  .  .  
 .  *  *  
 .  *  *  
 fi_map_update                     |
 fi_map_numerize                   |
 fi_map_surround                   |
 fi_map_calcdist                   |
 .  *  *  .  .  
 .  *  *  *  *  
 fi_map_update                     |
 fi_map_numerize                   |
 fi_map_surround                   |
 fi_map_calcdist                   |
 .  *  *  .  .  .  .  
 fi_map_update                     |
 fi_map_numerize                   |
 fi_map_surround                   |
 fi_map_calcdist                   |
 *  *  
 fi_map_update                     |
 fi_map_numerize                   |
 fi_map_surround                   |
 fi_map_calcdist                   |
 .  .  .  .  .  
 .  *  *  *  .  
 fi_map_update                     |
 fi_map_numerize                   |
 fi_map_surround                   |
 fi_map_calcdist                   |
 *  .  .  
 *  .  .  
 fi_map_update                     |
 fi_map_numerize                   |
 fi_map_surround                   |
 fi_map_calcdist                   |
 .  .  .  .  *  *  
 .  .  .  .  .  *  
 fi_map_update                     |
 fi_map_numerize                   |
 fi_map_surround                   |
 fi_map_calcdist                   |
 .  .  .  .  .  
 .  .  .  .  .  
 .  .  .  .  .  
 .  .  .  *  *  
 fi_map_update                     |
 fi_map_numerize                   |
 fi_map_surround                   |
 fi_map_calcdist                   |
 .  .  .  .  .  
 .  *  .  .  .  
 .  *  *  *  .  
 fi_map_update                     |
 fi_map_numerize                   |
 fi_map_surround                   |
 fi_map_calcdist                   |
 *  
 *  
 fi_map_update                     |
 fi_map_numerize                   |
 fi_map_surround                   |
 fi_map_calcdist                   |
 .  
 .  
 *  
 *  
 fi_map_update                     |
 fi_map_numerize                   |
 fi_map_surround                   |
 fi_map_calcdist                   |
 .  *  *  .  .  .  .  
 .  .  .  .  .  .  .  
 .  .  .  .  .  .  .  
 fi_map_update                     |
 fi_map_numerize                   |
 fi_map_surround                   |
 fi_map_calcdist                   |
 .  .  .  .  .  *  *  
 fi_map_update                     |
 fi_map_numerize                   |
 fi_map_surround                   |
 fi_map_calcdist                   |
 .  .  .  *  
 .  .  .  *  
 .  .  .  .  
 fi_map_update                     |
 fi_map_numerize                   |
 fi_map_surround                   |
 fi_map_calcdist                   |
 .  *  .  *  .  .  .  
 *  *  *  *  *  .  .  
 .  .  *  *  .  .  .  
 fi_map_update                     |
 fi_map_numerize                   |
 fi_map_surround                   |
 fi_map_calcdist                   |
 *  *  
 fi_map_update                     |
 fi_map_numerize                   |
 fi_map_surround                   |
 fi_map_calcdist                   |
 *  .  
 *  .  
 fi_map_update                     |
 fi_map_numerize                   |
 fi_map_surround                   |
 fi_map_calcdist                   |
 .  *  *  .  .  .  .  
 fi_map_update                     |
 fi_map_numerize                   |
 fi_map_surround                   |
 fi_map_calcdist                   |
 .  *  *  
 fi_map_update                     |
 fi_map_numerize                   |
 fi_map_surround                   |
 fi_map_calcdist                   |
 .  .  .  
 .  .  *  
 .  .  *  
 fi_map_update                     |
 fi_map_numerize                   |
 fi_map_surround                   |
 fi_map_calcdist                   |
 .  .  .  .  *  .  .  
 .  .  *  *  *  .  .  
 fi_map_update                     |
 fi_map_numerize                   |
 fi_map_surround                   |
 fi_map_calcdist                   |
 *  .  .  
 *  .  .  
 fi_map_update                     |
 fi_map_numerize                   |
 fi_map_surround                   |
 fi_map_calcdist                   |
 .  *  *  .  .  .  
 .  *  *  .  .  .  
 .  .  .  .  .  .  
 fi_map_update                     |
 fi_map_numerize                   |
 fi_map_surround                   |
 fi_map_calcdist                   |
 .  .  .  
 .  .  *  
 .  .  *  
 .  .  *  
 fi_map_update                     |
 fi_map_numerize                   |
 fi_map_surround                   |
 fi_map_calcdist                   |
 .  .  .  *  *  *  
 fi_map_update                     |
 fi_map_numerize                   |
 fi_map_surround                   |
 fi_map_calcdist                   |
 .  .  .  .  
 .  .  .  .  
 *  .  .  .  
 *  .  .  .  
 fi_map_update                     |
 fi_map_numerize                   |
 fi_map_surround                   |
 fi_map_calcdist                   |
 .  *  *  .  .  .  .  
 .  *  *  *  .  .  .  
 fi_map_update                     |
 fi_map_numerize                   |
 fi_map_surround                   |
 fi_map_calcdist                   |
 .  .  .  
 .  .  *  
 .  *  *  
 .  .  *  
 fi_map_update                     |
 fi_map_numerize                   |
 fi_map_surround                   |
 fi_map_calcdist                   |
 .  .  *  *  
 .  .  .  .  
 fi_map_update                     |
 fi_map_numerize                   |
 fi_map_surround                   |
 fi_map_calcdist                   |
 *  
 *  
 fi_map_update                     |
 fi_map_numerize                   |
 fi_map_surround                   |
 fi_map_calcdist                   |
 .  *  .  .  
 *  *  .  .  
 *  *  *  .  
 fi_map_update                     |
 fi_map_numerize                   |
 fi_map_surround                   |
 fi_map_calcdist                   |
 .  .  .  *  *  
 .  .  *  *  *  
 .  .  .  .  *  
 fi_map_update                     |
 fi_map_numerize                   |
 fi_map_surround                   |
 fi_map_calcdist                   |
 .  .  
 .  .  
 *  *  
 .  .  
 fi_map_update                     |
 fi_map_numerize                   |
 fi_map_surround                   |
 fi_map_calcdist                   |
 .  *  
 *  *  
 *  *  
 .  .  
 fi_map_update                     |
 fi_map_numerize                   |
 fi_map_surround                   |
 fi_map_calcdist                   |
 .  
 *  
 *  
 .  
 fi_map_update                     |
 fi_map_numerize                   |
 fi_map_surround                   |
 fi_map_calcdist                   |
 .  *  
 .  *  
 fi_map_update                     |
 fi_map_numerize                   |
 fi_map_surround                   |
 fi_map_calcdist                   |
 *  *  
 fi_map_update                     |
 fi_map_numerize                   |
 fi_map_surround                   |
 fi_map_calcdist                   |
 .  .  .  .  .  *  *  
 .  .  .  .  .  *  *  
 fi_map_update                     |
 fi_map_numerize                   |
 fi_map_surround                   |
 fi_map_calcdist                   |
 .  .  .  .  .  .  .  
 .  *  *  *  .  .  .  
 .  *  *  *  *  *  *  
 .  .  .  .  *  .  .  
 fi_map_update                     |
 fi_map_numerize                   |
 fi_map_surround                   |
 fi_map_calcdist                   |
 .  .  .  .  .  
 .  .  .  .  *  
 .  .  .  .  *  
 fi_map_update                     |
 fi_map_numerize                   |
 fi_map_surround                   |
 fi_map_calcdist                   |
 *  .  .  .  .  
 *  .  .  .  .  
 fi_map_update                     |
 fi_map_numerize                   |
 fi_map_surround                   |
 fi_map_calcdist                   |
 .  .  
 *  *  
 fi_map_update                     |
 fi_map_numerize                   |
 fi_map_surround                   |
 fi_map_calcdist                   |
 *  *  
 *  *  
 .  *  
 *  *  
 fi_map_update                     |
 fi_map_numerize                   |
 fi_map_surround                   |
 fi_map_calcdist                   |
 .  .  *  *  .  .  .  
 .  .  .  .  .  .  .  
 .  .  .  .  .  .  .  
 fi_map_update                     |
 fi_map_numerize                   |
 fi_map_surround                   |
 fi_map_calcdist                   |
 .  .  *  
 .  .  *  
 .  .  *  
 fi_map_update                     |
 fi_map_numerize                   |
 fi_map_surround                   |
 fi_map_calcdist                   |
 .  .  .  *  *  *  
 fi_map_update                     |
 fi_map_numerize                   |
 fi_map_surround                   |
 fi_map_calcdist                   |
 .  .  *  *  
 fi_map_update                     |
 fi_map_numerize                   |
 fi_map_surround                   |
 fi_map_calcdist                   |
 .  .  .  *  *  
 .  .  *  *  *  
 .  .  .  .  *  
 .  .  .  .  .  
 fi_map_update                     |
 fi_map_numerize                   |
 fi_map_surround                   |
 fi_map_calcdist                   |
 .  .  .  .  *  *  *  
 .  .  .  .  .  *  .  
 .  .  .  .  .  .  .  
 fi_map_update                     |
 fi_map_numerize                   |
 fi_map_surround                   |
 fi_map_calcdist                   |
 .  .  
 *  .  
 *  .  
 fi_map_update                     |
 fi_map_numerize                   |
 fi_map_surround                   |
 fi_map_calcdist                   |
 .  *  .  
 .  *  *  
 fi_map_update                     |
 fi_map_numerize                   |
 fi_map_surround                   |
 fi_map_calcdist                   |
 .  .  *  *  
 .  .  .  .  
 .  .  .  .  
 fi_map_update                     |
 fi_map_numerize                   |
 fi_map_surround                   |
 fi_map_calcdist                   |
 .  *  .  .  .  .  .  
 .  *  *  .  .  .  .  
 fi_map_update                     |
 fi_map_numerize                   |
 fi_map_surround                   |
 fi_map_calcdist                   |
 *  
 *  
 fi_map_update                     |
 fi_map_numerize                   |
 fi_map_surround                   |
 fi_map_calcdist                   |
 .  .  .  .  .  .  
 .  .  .  *  *  .  
 .  .  .  .  *  *  
 fi_map_update                     |
 fi_map_numerize                   |
 fi_map_surround                   |
 fi_map_calcdist                   |
 .  .  *  *  *  .  
 .  .  *  *  *  *  
 fi_map_update                     |
 fi_map_numerize                   |
 fi_map_surround                   |
 fi_map_calcdist                   |
 *  *  .  
 *  .  .  
 .  .  .  
 .  .  .  
 fi_map_update                     |
 fi_map_numerize                   |
 fi_map_surround                   |
 fi_map_calcdist                   |
 .  .  .  
 .  .  .  
 .  *  .  
 *  .  .  
 fi_map_update                     |
 fi_map_numerize                   |
 fi_map_surround                   |
 fi_map_calcdist                   |
 .  *  *  .  
 fi_map_update                     |
 fi_map_numerize                   |
 fi_map_surround                   |
 fi_map_calcdist                   |
 .  .  *  .  .  .  .  
 .  .  *  *  *  .  .  
 .  *  *  *  *  .  .  
 .  .  *  .  .  .  .  
 fi_map_update                     |
 fi_map_numerize                   |
 fi_map_surround                   |
 fi_map_calcdist                   |
 *  *  .  .  .  .  
 *  *  .  .  .  .  
 fi_map_update                     |
 fi_map_numerize                   |
 fi_map_surround                   |
 fi_map_calcdist                   |
 .  .  .  *  *  
 fi_map_update                     |
 fi_map_numerize                   |
 fi_map_surround                   |
 fi_map_calcdist                   |
 .  *  *  *  *  
 .  .  *  *  *  
 fi_map_update                     |
 fi_map_numerize                   |
 fi_map_surround                   |
 fi_map_calcdist                   |
 .  *  .  
 *  *  .  
 .  *  .  
 fi_map_update                     |
 fi_map_numerize                   |
 fi_map_surround                   |
 fi_map_calcdist                   |
 .  *  .  
 .  *  *  
 .  *  *  
 fi_map_update                     |
 fi_map_numerize                   |
 fi_map_surround                   |
 fi_map_calcdist                   |
 .  *  *  .  .  .  .  
 fi_map_update                     |
 fi_map_numerize                   |
 fi_map_surround                   |
 fi_map_calcdist                   |
 .  .  *  *  .  
 fi_map_update                     |
 fi_map_numerize                   |
 fi_map_surround                   |
 fi_map_calcdist                   |
 .  .  .  .  .  
 .  .  .  *  *  
 .  .  .  .  *  
 fi_map_update                     |
 fi_map_numerize                   |
 fi_map_surround                   |
 fi_map_calcdist                   |
 .  .  .  *  *  *  .  
 fi_map_update                     |
 fi_map_numerize                   |
 fi_map_surround                   |
 fi_map_calcdist                   |
 .  *  *  .  .  .  .  
 .  *  *  .  .  .  .  
 *  *  .  .  .  .  .  
 .  .  .  .  .  .  .  
 fi_map_update                     |
 fi_map_numerize                   |
 fi_map_surround                   |
 fi_map_calcdist                   |
 .  .  
 .  .  
 *  *  
 .  *  
 fi_map_update                     |
 fi_map_numerize                   |
 fi_map_surround                   |
 fi_map_calcdist                   |
 .  *  *  .  .  .  .  
 .  .  .  .  .  .  .  
 .  .  .  .  .  .  .  
 fi_map_update                     |
 fi_map_numerize                   |
 fi_map_surround                   |
 fi_map_calcdist                   |
 *  *  *  .  .  .  .  
 fi_map_update                     |
 fi_map_numerize                   |
 fi_map_surround                   |
 fi_map_calcdist                   |
 *  .  
 *  .  
 .  .  
 .  .  
 fi_map_update                     |
 fi_map_numerize                   |
 fi_map_surround                   |
 fi_map_calcdist                   |
 *  *  .  .  .  
 fi_map_update                     |
 fi_map_numerize                   |
 fi_map_surround                   |
 fi_map_calcdist                   |
 .  *  *  .  .  
 .  .  .  .  .  
 fi_map_update                     |
 fi_map_numerize                   |
 fi_map_surround                   |
 fi_map_calcdist                   |
 .  *  *  *  .  .  .  
 .  *  *  *  .  .  .  
 .  *  .  .  .  .  .  
 fi_map_update                     |
 fi_map_numerize                   |
 fi_map_surround                   |
 fi_map_calcdist                   |
 *  
 *  
 fi_map_update                     |
 fi_map_numerize                   |
 fi_map_surround                   |
 fi_map_calcdist                   |
 .  *  *  *  
 .  .  .  .  
 fi_map_update                     |
 fi_map_numerize                   |
 fi_map_surround                   |
 fi_map_calcdist                   |
 .  *  *  *  
 .  .  .  *  
 fi_map_update                     |
 fi_map_numerize                   |
 fi_map_surround                   |
 fi_map_calcdist                   |
 .  .  .  .  *  *  .  
 fi_map_update                     |
 fi_map_numerize                   |
 fi_map_surround                   |
 fi_map_calcdist                   |
 *  *  *  .  .  
 fi_map_update                     |
 fi_map_numerize                   |
 fi_map_surround                   |
 fi_map_calcdist                   |
 *  *  
 .  .  
 .  .  
 .  .  
 fi_map_update                     |
 fi_map_numerize                   |
 fi_map_surround                   |
 fi_map_calcdist                   |
 .  *  .  .  .  .  
 .  *  *  .  .  .  
 .  .  *  *  .  .  
 fi_map_update                     |
 fi_map_numerize                   |
 fi_map_surround                   |
 fi_map_calcdist                   |
 .  .  .  .  *  *  *  .  .  .  .  .  .  .  .  .  .  .  .  .  .  .  
 fi_map_update                     |
 fi_map_numerize                   |
 fi_map_surround                   |
 fi_map_calcdist                   |
 *  
 *  
 fi_map_update                     |
 fi_map_numerize                   |
 fi_map_surround                   |
 fi_map_calcdist                   |
 *  *  .  .  .  
 fi_map_update                     |
 fi_map_numerize                   |
 fi_map_surround                   |
 fi_map_calcdist                   |
 .  *  *  
 fi_map_update                     |
 fi_map_numerize                   |
 fi_map_surround                   |
 fi_map_calcdist                   |
 .  *  *  
 *  *  *  
 .  *  *  
 .  .  *  
 fi_map_update                     |
 fi_map_numerize                   |
 fi_map_surround                   |
 fi_map_calcdist                   |
 *  .  .  .  .  
 .  *  .  .  .  
 .  *  .  .  .  
 fi_map_update                     |
 fi_map_numerize                   |
 fi_map_surround                   |
 fi_map_calcdist                   |
 .  *  *  
 .  .  .  
 fi_map_update                     |
 fi_map_numerize                   |
 fi_map_surround                   |
 fi_map_calcdist                   |
 .  .  .  .  .  .  
 .  .  .  .  .  *  
 .  .  .  .  .  *  
 .  .  .  .  .  .  
 fi_map_update                     |
 fi_map_numerize                   |
 fi_map_surround                   |
 fi_map_calcdist                   |
 *  .  .  .  .  .  .  
 *  .  .  .  .  .  .  
 *  .  .  .  .  .  .  
 *  .  .  .  .  .  .  
 fi_map_update                     |
 fi_map_numerize                   |
 fi_map_surround                   |
 fi_map_calcdist                   |
 *  
 *  
 .  
 .  
 fi_map_update                     |
 fi_map_numerize                   |
 fi_map_surround                   |
 fi_map_calcdist                   |
 .  *  *  
 .  *  *  
 .  .  *  
 fi_map_update                     |
 fi_map_numerize                   |
 fi_map_surround                   |
 fi_map_calcdist                   |
 .  .  .  .  .  .  
 .  *  *  .  .  .  
 .  *  *  .  .  .  
 fi_map_update                     |
 fi_map_numerize                   |
 fi_map_surround                   |
 fi_map_calcdist                   |
 *  *  
 *  *  
 .  *  
 fi_map_update                     |
 fi_map_numerize                   |
 fi_map_surround                   |
 fi_map_calcdist                   |
 .  .  *  *  
 .  .  .  .  
 fi_map_update                     |
 fi_map_numerize                   |
 fi_map_surround                   |
 fi_map_calcdist                   |
 .  *  *  .  .  .  .  
 fi_map_update                     |
 fi_map_numerize                   |
 fi_map_surround                   |
 fi_map_calcdist                   |
 .  .  *  *  
 .  .  .  *  
 fi_map_update                     |
 fi_map_numerize                   |
 fi_map_surround                   |
 fi_map_calcdist                   |
 *  .  
 *  .  
 fi_map_update                     |
 fi_map_numerize                   |
 fi_map_surround                   |
 fi_map_calcdist                   |
 .  *  .  .  
 .  *  *  .  
 fi_map_update                     |
 fi_map_numerize                   |
 fi_map_surround                   |
 fi_map_calcdist                   |
 .  .  .  .  .  .  .  
 *  .  .  .  .  .  .  
 *  .  .  .  .  .  .  
 fi_map_update                     |
 fi_map_numerize                   |
 fi_map_surround                   |
 fi_map_calcdist                   |
 .  .  .  .  .  .  .  
 *  *  *  .  .  .  .  
 fi_map_update                     |
 fi_map_numerize                   |
 fi_map_surround                   |
 fi_map_calcdist                   |
 .  .  *  *  *  .  
 .  *  *  *  .  .  
 .  .  *  .  .  .  
 .  .  .  .  .  .  
 fi_map_update                     |
 fi_map_numerize                   |
 fi_map_surround                   |
 fi_map_calcdist                   |
 .  .  .  
 .  .  *  
 *  *  *  
 *  *  .  
 fi_map_update                     |
 fi_map_numerize                   |
 fi_map_surround                   |
 fi_map_calcdist                   |
 .  *  *  
 fi_map_update                     |
 fi_map_numerize                   |
 fi_map_surround                   |
 fi_map_calcdist                   |
 *  *  *  .  .  .  
 fi_map_update                     |
 fi_map_numerize                   |
 fi_map_surround                   |
 fi_map_calcdist                   |
 .  *  *  *  *  .  
 fi_map_update                     |
 fi_map_numerize                   |
 fi_map_surround                   |
 fi_map_calcdist                   |
 .  *  *  
 fi_map_update                     |
 fi_map_numerize                   |
 fi_map_surround                   |
 fi_map_calcdist                   |
 *  .  .  .  .  
 *  .  .  .  .  
 fi_map_update                     |
 fi_map_numerize                   |
 fi_map_surround                   |
 fi_map_calcdist                   |
 .  *  *  
 fi_map_update                     |
 fi_map_numerize                   |
 fi_map_surround                   |
 fi_map_calcdist                   |
 .  *  *  *  .  .  
 .  .  .  .  .  .  
 fi_map_update                     |
 fi_map_numerize                   |
 fi_map_surround                   |
 fi_map_calcdist                   |
 .  .  .  .  .  .  
 .  .  .  .  .  .  
 .  .  .  .  .  *  
 .  .  .  .  *  *  
 fi_map_update                     |
 fi_map_numerize                   |
 fi_map_surround                   |
 fi_map_calcdist                   |
 .  .  
 .  *  
 *  *  
 fi_map_update                     |
 fi_map_numerize                   |
 fi_map_surround                   |
 fi_map_calcdist                   |
 *  *  .  .  .  .  
 fi_map_update                     |
 fi_map_numerize                   |
 fi_map_surround                   |
 fi_map_calcdist                   |
 *  *  
 .  .  
 fi_map_update                     |
 fi_map_numerize                   |
 fi_map_surround                   |
 fi_map_calcdist                   |
 *  *  *  
 fi_map_update                     |
 fi_map_numerize                   |
 fi_map_surround                   |
 fi_map_calcdist                   |
 *  .  .  .  .  .  
 *  .  .  .  .  .  
 *  .  .  .  .  .  
 fi_map_update                     |
 fi_map_numerize                   |
 fi_map_surround                   |
 fi_map_calcdist                   |
 *  
 *  
 fi_map_update                     |
 fi_map_numerize                   |
 fi_map_surround                   |
 fi_map_calcdist                   |
 .  .  .  *  .  
 .  .  .  *  *  
 fi_map_update                     |
 fi_map_numerize                   |
 fi_map_surround                   |
 fi_map_calcdist                   |
 .  *  *  *  .  
 .  .  .  .  .  
 fi_map_update                     |
 fi_map_numerize                   |
 fi_map_surround                   |
 fi_map_calcdist                   |
 .  .  .  .  .  .  .  
 .  .  *  .  .  .  .  
 .  *  *  *  .  .  .  
 *  *  .  *  .  .  .  
 fi_map_update                     |
 fi_map_numerize                   |
 fi_map_surround                   |
 fi_map_calcdist                   |
 .  .  .  *  .  *  
 .  *  *  *  *  *  
 .  .  *  *  .  .  
 fi_map_update                     |
 fi_map_numerize                   |
 fi_map_surround                   |
 fi_map_calcdist                   |
 .  .  *  .  .  .  .  
 .  *  *  *  .  .  .  
 .  *  .  .  .  .  .  
 fi_map_update                     |
 fi_map_numerize                   |
 fi_map_surround                   |
 fi_map_calcdist                   |
 .  .  .  .  *  *  *  
 fi_map_update                     |
 fi_map_numerize                   |
 fi_map_surround                   |
 fi_map_calcdist                   |
 .  *  .  .  
 .  *  .  *  
 .  .  *  *  
 .  .  *  *  
 fi_map_update                     |
 fi_map_numerize                   |
 fi_map_surround                   |
 fi_map_calcdist                   |
 .  .  *  *  
 .  .  .  .  
 .  .  .  .  
 fi_map_update                     |
 fi_map_numerize                   |
 fi_map_surround                   |
 fi_map_calcdist                   |
 *  .  
 *  *  
 .  *  
 .  *  
 fi_map_update                     |
 fi_map_numerize                   |
 fi_map_surround                   |
 fi_map_calcdist                   |
 .  .  
 .  *  
 *  *  
 .  .  
 fi_map_update                     |
 fi_map_numerize                   |
 fi_map_surround                   |
 fi_map_calcdist                   |
 .  .  .  .  .  .  .  .  .  .  .  .  .  .  .  .  .  .  .  .  .  .  .  .  .  .  .  .  .  .  
 .  .  .  .  .  .  .  .  .  .  .  .  .  .  .  .  .  .  .  .  .  .  .  .  .  .  .  .  .  .  
 .  .  .  .  .  .  .  .  .  .  .  *  .  .  .  .  .  .  .  .  .  .  .  .  .  .  .  .  .  .  
 .  .  .  .  .  .  .  .  .  .  .  *  *  .  .  .  .  .  .  .  .  .  .  .  .  .  .  .  .  .  
 fi_map_update                     |
 fi_map_numerize                   |
 fi_map_surround                   |
 fi_map_calcdist                   |
 .  .  .  .  *  .  
 .  .  .  *  *  *  
 .  .  .  *  .  *  
 fi_map_update                     |
 fi_map_numerize                   |
 fi_map_surround                   |
 fi_map_calcdist                   |
 *  *  *  *  .  .  .  
 .  *  .  .  .  .  .  
 .  .  .  .  .  .  .  
 fi_map_update                     |
 fi_map_numerize                   |
 fi_map_surround                   |
 fi_map_calcdist                   |
 .  
 *  
 *  
 .  
 fi_map_update                     |
 fi_map_numerize                   |
 fi_map_surround                   |
 fi_map_calcdist                   |
 .  .  .  .  .  .  .  
 .  .  .  .  .  *  .  
 .  .  .  .  .  *  *  
 .  .  .  .  .  .  *  
 fi_map_update                     |
 fi_map_numerize                   |
 fi_map_surround                   |
 fi_map_calcdist                   |
 .  *  *  *  
 fi_map_update                     |
 fi_map_numerize                   |
 fi_map_surround                   |
 fi_map_calcdist                   |
 .  
 *  
 *  
 .  
 fi_map_update                     |
 fi_map_numerize                   |
 fi_map_surround                   |
 fi_map_calcdist                   |
 .  .  .  
 .  .  .  
 *  *  .  
 *  *  *  
 fi_map_update                     |
 fi_map_numerize                   |
 fi_map_surround                   |
 fi_map_calcdist                   |
 .  .  .  .  .  
 .  .  .  *  *  
 .  .  .  *  .  
 fi_map_update                     |
 fi_map_numerize                   |
 fi_map_surround                   |
 fi_map_calcdist                   |
 .  .  .  .  .  .  .  
 .  .  .  .  *  *  *  
 fi_map_update                     |
 fi_map_numerize                   |
 fi_map_surround                   |
 fi_map_calcdist                   |
 .  .  .  .  .  .  .  .  .  .  .  .  
 .  .  .  .  .  .  .  .  .  .  .  .  
 .  .  .  .  .  .  .  .  .  .  .  .  
 .  .  .  .  .  .  .  .  .  .  .  .  
 .  .  .  .  .  .  .  .  .  .  .  .  
 .  .  .  .  *  *  *  .  .  .  .  .  
 .  .  .  .  .  *  .  .  .  .  .  .  
 .  .  .  .  .  *  .  .  .  .  .  .  
 .  .  .  .  .  .  .  .  .  .  .  .  
 .  .  .  .  .  .  .  .  .  .  .  .  
 .  .  .  .  .  .  .  .  .  .  .  .  
 fi_map_update                     |
 fi_map_numerize                   |
 fi_map_surround                   |
 fi_map_calcdist                   |
 .  .  .  *  *  .  .  
 .  .  .  .  *  *  *  
 .  .  .  *  *  .  .  
 fi_map_update                     |
 fi_map_numerize                   |
 fi_map_surround                   |
 fi_map_calcdist                   |
 .  .  .  .  .  .  .  .  .  .  
 .  .  .  .  .  .  .  .  *  *  
 fi_map_update                     |
 fi_map_numerize                   |
 fi_map_surround                   |
 fi_map_calcdist                   |
 .  .  .  .  .  .  .  
 .  .  .  .  *  *  *  
 fi_map_update                     |
 fi_map_numerize                   |
 fi_map_surround                   |
 fi_map_calcdist                   |
 .  *  *  .  .  
 *  *  .  .  .  
 .  *  *  .  .  
 fi_map_update                     |
 fi_map_numerize                   |
 fi_map_surround                   |
 fi_map_calcdist                   |
 .  .  *  *  *  
 .  .  .  .  .  
 .  .  .  .  .  
 fi_map_update                     |
 fi_map_numerize                   |
 fi_map_surround                   |
 fi_map_calcdist                   |
 .  .  .  *  *  
 .  .  .  *  *  
 fi_map_update                     |
 fi_map_numerize                   |
 fi_map_surround                   |
 fi_map_calcdist                   |
 .  .  .  *  *  .  .  .  .  .  .  .  .  .  .  .  .  .  .  .  
 fi_map_update                     |
 fi_map_numerize                   |
 fi_map_surround                   |
 fi_map_calcdist                   |
 *  *  .  .  
 .  .  .  .  
 fi_map_update                     |
 fi_map_numerize                   |
 fi_map_surround                   |
 fi_map_calcdist                   |
 *  *  *  
 .  .  *  
 fi_map_update                     |
 fi_map_numerize                   |
 fi_map_surround                   |
 fi_map_calcdist                   |
 .  .  .  .  *  *  
 .  .  .  .  *  *  
 fi_map_update                     |
 fi_map_numerize                   |
 fi_map_surround                   |
 fi_map_calcdist                   |
 .  .  *  .  .  
 .  *  *  *  .  
 .  .  *  .  .  
 fi_map_update                     |
 fi_map_numerize                   |
 fi_map_surround                   |
 fi_map_calcdist                   |
 .  *  *  .  .  .  .  
 *  *  .  .  .  .  .  
 *  *  .  .  .  .  .  
 fi_map_update                     |
 fi_map_numerize                   |
 fi_map_surround                   |
 fi_map_calcdist                   |
 .  .  .  .  .  .  
 .  .  .  .  *  *  
 fi_map_update                     |
 fi_map_numerize                   |
 fi_map_surround                   |
 fi_map_calcdist                   |
 .  .  .  *  
 .  .  *  *  
 .  *  *  *  
 fi_map_update                     |
 fi_map_numerize                   |
 fi_map_surround                   |
 fi_map_calcdist                   |
 *  *  
 fi_map_update                     |
 fi_map_numerize                   |
 fi_map_surround                   |
 fi_map_calcdist                   |
 .  .  .  .  .  .  
 .  *  *  *  .  .  
 fi_map_update                     |
 fi_map_numerize                   |
 fi_map_surround                   |
 fi_map_calcdist                   |
 .  .  .  *  *  .  
 .  .  .  *  *  *  
 fi_map_update                     |
 fi_map_numerize                   |
 fi_map_surround                   |
 fi_map_calcdist                   |
 *  .  
 *  .  
 .  *  
 .  *  
 fi_map_update                     |
 fi_map_numerize                   |
 fi_map_surround                   |
 fi_map_calcdist                   |
 *  *  *  .  .  .  .  
 fi_map_update                     |
 fi_map_numerize                   |
 fi_map_surround                   |
 fi_map_calcdist                   |
 *  .  .  .  .  
 *  .  .  .  .  
 fi_map_update                     |
 fi_map_numerize                   |
 fi_map_surround                   |
 fi_map_calcdist                   |
 .  .  *  *  *  
 .  .  .  *  *  
 .  .  .  .  .  
 fi_map_update                     |
 fi_map_numerize                   |
 fi_map_surround                   |
 fi_map_calcdist                   |
 .  .  .  .  
 .  .  .  *  
 .  .  .  *  
 fi_map_update                     |
 fi_map_numerize                   |
 fi_map_surround                   |
 fi_map_calcdist                   |
 .  .  *  *  
 fi_map_update                     |
 fi_map_numerize                   |
 fi_map_surround                   |
 fi_map_calcdist                   |
 .  .  *  .  .  .  
 *  *  *  .  .  .  
 .  *  .  .  .  .  
 .  .  *  .  .  .  
 fi_map_update                     |
 fi_map_numerize                   |
 fi_map_surround                   |
 fi_map_calcdist                   |
 .  .  .  .  .  
 .  .  .  .  .  
 .  .  *  *  *  
 fi_map_update                     |
 fi_map_numerize                   |
 fi_map_surround                   |
 fi_map_calcdist                   |
 .  .  .  .  .  .  
 .  .  .  .  *  *  
 .  .  .  .  .  .  
 .  .  .  .  .  .  
 fi_map_update                     |
 fi_map_numerize                   |
 fi_map_surround                   |
 fi_map_calcdist                   |
 *  *  *  .  
 fi_map_update                     |
 fi_map_numerize                   |
 fi_map_surround                   |
 fi_map_calcdist                   |
 .  .  .  .  .  .  
 .  .  .  .  .  .  
 .  .  .  *  *  *  
 .  *  *  *  .  .  
 fi_map_update                     |
 fi_map_numerize                   |
 fi_map_surround                   |
 fi_map_calcdist                   |
 .  .  .  .  .  
 .  *  .  .  .  
 *  *  *  .  .  
 .  .  .  .  .  
 fi_map_update                     |
 fi_map_numerize                   |
 fi_map_surround                   |
 fi_map_calcdist                   |
 *  
 *  
 *  
 fi_map_update                     |
 fi_map_numerize                   |
 fi_map_surround                   |
 fi_map_calcdist                   |
 *  *  *  .  .  
 .  .  .  .  .  
 fi_map_update                     |
 fi_map_numerize                   |
 fi_map_surround                   |
 fi_map_calcdist                   |
 .  .  .  .  .  .  .  
 .  .  .  .  *  *  *  
 .  .  .  .  *  *  .  
 fi_map_update                     |
 fi_map_numerize                   |
 fi_map_surround                   |
 fi_map_calcdist                   |
 .  .  .  *  *  
 .  .  .  .  *  
 .  .  .  .  .  
 fi_map_update                     |
 fi_map_numerize                   |
 fi_map_surround                   |
 fi_map_calcdist                   |
 *  .  
 *  .  
 fi_map_update                     |
 fi_map_numerize                   |
 fi_map_surround                   |
 fi_map_calcdist                   |
 .  *  *  *  *  *  .  
 .  .  .  .  .  .  .  
 .  .  .  .  .  .  .  
 fi_map_update                     |
 fi_map_numerize                   |
 fi_map_surround                   |
 fi_map_calcdist                   |
 .  .  .  .  .  
 *  .  .  .  .  
 *  .  .  .  .  
 *  *  .  .  .  
 fi_map_update                     |
 fi_map_numerize                   |
 fi_map_surround                   |
 fi_map_calcdist                   |
 *  .  .  .  .  .  .  
 *  .  .  .  .  .  .  
 *  .  .  .  .  .  .  
 fi_map_update                     |
 fi_map_numerize                   |
 fi_map_surround                   |
 fi_map_calcdist                   |
 .  .  .  *  *  .  .  
 .  .  .  .  *  *  .  
 .  .  .  .  *  .  .  
 fi_map_update                     |
 fi_map_numerize                   |
 fi_map_surround                   |
 fi_map_calcdist                   |
 .  .  .  *  .  
 .  .  *  *  *  
 .  .  .  *  *  
 fi_map_update                     |
 fi_map_numerize                   |
 fi_map_surround                   |
 fi_map_calcdist                   |
 .  .  .  *  
 .  .  *  *  
 .  .  *  *  
 .  .  *  *  
 fi_map_update                     |
 fi_map_numerize                   |
 fi_map_surround                   |
 fi_map_calcdist                   |
 .  *  .  .  .  .  
 .  .  *  *  .  .  
 fi_map_update                     |
 fi_map_numerize                   |
 fi_map_surround                   |
 fi_map_calcdist                   |
 .  .  .  *  .  .  
 .  .  .  *  .  .  
 .  .  *  *  .  .  
 .  .  *  *  .  .  
 fi_map_update                     |
 fi_map_numerize                   |
 fi_map_surround                   |
 fi_map_calcdist                   |
 .  .  *  .  .  .  
 *  .  *  .  .  .  
 *  *  *  .  .  .  
 fi_map_update                     |
 fi_map_numerize                   |
 fi_map_surround                   |
 fi_map_calcdist                   |
 *  *  *  
 *  *  .  
 .  *  .  
 .  .  .  
 fi_map_update                     |
 fi_map_numerize                   |
 fi_map_surround                   |
 fi_map_calcdist                   |
 .  
 *  
 *  
 fi_map_update                     |
 fi_map_numerize                   |
 fi_map_surround                   |
 fi_map_calcdist                   |
 .  .  .  *  *  *  
 .  .  .  .  *  *  
 fi_map_update                     |
 fi_map_numerize                   |
 fi_map_surround                   |
 fi_map_calcdist                   |
 .  .  *  .  
 .  .  *  *  
 .  *  *  .  
 fi_map_update                     |
 fi_map_numerize                   |
 fi_map_surround                   |
 fi_map_calcdist                   |
 *  *  
 fi_map_update                     |
 fi_map_numerize                   |
 fi_map_surround                   |
 fi_map_calcdist                   |
 *  *  *  *  .  .  
 .  .  .  .  .  .  
 fi_map_update                     |
 fi_map_numerize                   |
 fi_map_surround                   |
 fi_map_calcdist                   |
 .  .  .  
 .  .  .  
 .  .  *  
 .  .  *  
 fi_map_update                     |
 fi_map_numerize                   |
 fi_map_surround                   |
 fi_map_calcdist                   |
 .  .  .  .  .  .  .  .  .  .  .  .  .  .  .  .  .  .  .  .  .  .  .  .  .  .  
 .  .  .  .  .  .  .  .  .  .  .  .  .  .  .  .  .  .  .  .  .  .  .  .  .  .  
 .  .  .  .  .  .  .  .  .  .  .  .  .  .  .  .  .  .  .  .  .  .  .  .  .  .  
 .  .  .  .  .  .  .  .  .  .  .  .  .  .  .  .  .  .  .  .  .  .  .  .  .  .  
 .  .  .  .  .  .  .  .  .  .  .  .  .  .  .  .  .  .  .  .  .  .  .  .  .  .  
 .  .  .  .  .  .  .  .  .  .  .  .  .  .  .  .  .  .  .  .  .  .  .  .  .  .  
 .  .  .  .  .  .  .  .  .  .  .  *  *  *  *  *  .  .  .  .  .  .  .  .  .  .  
 .  .  .  .  .  .  .  .  .  .  .  *  *  *  .  .  .  .  .  .  .  .  .  .  .  .  
 .  .  .  .  .  .  .  .  .  .  .  *  *  .  .  .  .  .  .  .  .  .  .  .  .  .  
 .  .  .  .  .  .  .  .  .  .  .  .  .  .  .  .  .  .  .  .  .  .  .  .  .  .  
 .  .  .  .  .  .  .  .  .  .  .  .  .  .  .  .  .  .  .  .  .  .  .  .  .  .  
 .  .  .  .  .  .  .  .  .  .  .  .  .  .  .  .  .  .  .  .  .  .  .  .  .  .  
 .  .  .  .  .  .  .  .  .  .  .  .  .  .  .  .  .  .  .  .  .  .  .  .  .  .  
 fi_map_update                     |
 fi_map_numerize                   |
 fi_map_surround                   |
 fi_map_calcdist                   |
 .  
 .  
 *  
 *  
 fi_map_update                     |
 fi_map_numerize                   |
 fi_map_surround                   |
 fi_map_calcdist                   |
 .  .  *  *  
 .  .  .  .  
 fi_map_update                     |
 fi_map_numerize                   |
 fi_map_surround                   |
 fi_map_calcdist                   |
 *  
 *  
 fi_map_update                     |
 fi_map_numerize                   |
 fi_map_surround                   |
 fi_map_calcdist                   |
 .  .  .  .  .  .  .  
 .  .  .  .  .  .  .  
 .  *  *  *  .  .  .  
 .  *  *  .  .  .  .  
 fi_map_update                     |
 fi_map_numerize                   |
 fi_map_surround                   |
 fi_map_calcdist                   |
 .  .  .  .  .  .  
 *  *  .  .  .  .  
 *  .  .  .  .  .  
 *  .  .  .  .  .  
 fi_map_update                     |
 fi_map_numerize                   |
 fi_map_surround                   |
 fi_map_calcdist                   |
 *  *  *  .  
 *  *  *  .  
 fi_map_update                     |
 fi_map_numerize                   |
 fi_map_surround                   |
 fi_map_calcdist                   |
 .  *  .  .  .  .  
 *  *  *  .  .  .  
 *  .  *  .  .  .  
 fi_map_update                     |
 fi_map_numerize                   |
 fi_map_surround                   |
 fi_map_calcdist                   |
 .  .  *  *  
 .  *  *  .  
 *  *  .  .  
 fi_map_update                     |
 fi_map_numerize                   |
 fi_map_surround                   |
 fi_map_calcdist                   |
 .  *  *  *  .  .  
 fi_map_update                     |
 fi_map_numerize                   |
 fi_map_surround                   |
 fi_map_calcdist                   |
 .  .  .  .  .  
 .  .  *  *  .  
 .  *  *  *  *  
 fi_map_update                     |
 fi_map_numerize                   |
 fi_map_surround                   |
 fi_map_calcdist                   |
 *  .  .  .  
 *  *  .  .  
 *  *  .  .  
 fi_map_update                     |
 fi_map_numerize                   |
 fi_map_surround                   |
 fi_map_calcdist                   |
 .  .  *  .  .  
 .  *  *  .  .  
 .  *  *  .  .  
 .  *  *  .  .  
 fi_map_update                     |
 fi_map_numerize                   |
 fi_map_surround                   |
 fi_map_calcdist                   |
 .  *  *  .  
 .  *  *  .  
 .  .  *  *  
 fi_map_update                     |
 fi_map_numerize                   |
 fi_map_surround                   |
 fi_map_calcdist                   |
 .  .  .  .  *  .  
 .  .  .  .  *  *  
 .  .  .  *  *  *  
 fi_map_update                     |
 fi_map_numerize                   |
 fi_map_surround                   |
 fi_map_calcdist                   |
 .  .  .  
 *  *  .  
 .  .  .  
 fi_map_update                     |
 fi_map_numerize                   |
 fi_map_surround                   |
 fi_map_calcdist                   |
 *  *  .  *  
 .  *  *  *  
 .  *  *  *  
 fi_map_update                     |
 fi_map_numerize                   |
 fi_map_surround                   |
 fi_map_calcdist                   |
 *  *  
 fi_map_update                     |
 fi_map_numerize                   |
 fi_map_surround                   |
 fi_map_calcdist                   |
 .  .  .  
 .  *  *  
 *  *  *  
 fi_map_update                     |
 fi_map_numerize                   |
 fi_map_surround                   |
 fi_map_calcdist                   |
 .  *  *  
 *  *  *  
 fi_map_update                     |
 fi_map_numerize                   |
 fi_map_surround                   |
 fi_map_calcdist                   |
 *  *  *  *  *  .  
 .  .  .  *  *  *  
 .  .  .  .  .  .  
 fi_map_update                     |
 fi_map_numerize                   |
 fi_map_surround                   |
 fi_map_calcdist                   |
 *  
 *  
 *  
 fi_map_update                     |
 fi_map_numerize                   |
 fi_map_surround                   |
 fi_map_calcdist                   |
 .  *  .  .  .  
 *  *  *  .  .  
 .  *  *  *  .  
 .  *  *  .  .  
 .  *  *  .  .  
 .  .  .  .  .  
 .  .  .  .  .  
 fi_map_update                     |
 fi_map_numerize                   |
 fi_map_surround                   |
 fi_map_calcdist                   |
 .  .  .  .  
 .  .  .  *  
 .  .  .  *  
 fi_map_update                     |
 fi_map_numerize                   |
 fi_map_surround                   |
 fi_map_calcdist                   |
 .  .  .  .  *  *  *  
 fi_map_update                     |
 fi_map_numerize                   |
 fi_map_surround                   |
 fi_map_calcdist                   |
 .  *  *  
 fi_map_update                     |
 fi_map_numerize                   |
 fi_map_surround                   |
 fi_map_calcdist                   |
 .  .  .  .  .  .  
 *  .  .  .  .  .  
 *  *  .  .  .  .  
 *  *  .  .  .  .  
 fi_map_update                     |
 fi_map_numerize                   |
 fi_map_surround                   |
 fi_map_calcdist                   |
 .  .  *  *  .  .  .  
 .  .  *  *  *  .  .  
 .  .  *  .  .  .  .  
 fi_map_update                     |
 fi_map_numerize                   |
 fi_map_surround                   |
 fi_map_calcdist                   |
 .  .  .  .  .  
 .  *  .  .  .  
 *  *  *  .  .  
 fi_map_update                     |
 fi_map_numerize                   |
 fi_map_surround                   |
 fi_map_calcdist                   |
 .  *  *  *  .  
 .  *  *  .  .  
 .  *  .  .  .  
 fi_map_update                     |
 fi_map_numerize                   |
 fi_map_surround                   |
 fi_map_calcdist                   |
 .  .  .  *  .  .  
 .  .  .  *  *  *  
 .  .  .  *  *  *  
 fi_map_update                     |
 fi_map_numerize                   |
 fi_map_surround                   |
 fi_map_calcdist                   |
 .  .  .  *  *  .  .  
 fi_map_update                     |
 fi_map_numerize                   |
 fi_map_surround                   |
 fi_map_calcdist                   |
 .  .  *  *  .  .  
 fi_map_update                     |
 fi_map_numerize                   |
 fi_map_surround                   |
 fi_map_calcdist                   |
 *  
 *  
 fi_map_update                     |
 fi_map_numerize                   |
 fi_map_surround                   |
 fi_map_calcdist                   |
 *  
 *  
 fi_map_update                     |
 fi_map_numerize                   |
 fi_map_surround                   |
 fi_map_calcdist                   |
 .  .  *  *  
 fi_map_update                     |
 fi_map_numerize                   |
 fi_map_surround                   |
 fi_map_calcdist                   |
 .  .  .  .  .  *  *  
 .  .  *  *  *  *  *  
 fi_map_update                     |
 fi_map_numerize                   |
 fi_map_surround                   |
 fi_map_calcdist                   |
 .  *  *  *  *  
 fi_map_update                     |
 fi_map_numerize                   |
 fi_map_surround                   |
 fi_map_calcdist                   |
 .  *  *  
 fi_map_update                     |
 fi_map_numerize                   |
 fi_map_surround                   |
 fi_map_calcdist                   |
 .  .  .  .  .  *  *  
 .  .  .  .  .  *  *  
 .  .  .  .  .  .  .  
 fi_map_update                     |
 fi_map_numerize                   |
 fi_map_surround                   |
 fi_map_calcdist                   |
 *  .  
 *  .  
 *  .  
 fi_map_update                     |
 fi_map_numerize                   |
 fi_map_surround                   |
 fi_map_calcdist                   |
 *  *  *  .  
 .  .  .  .  
 fi_map_update                     |
 fi_map_numerize                   |
 fi_map_surround                   |
 fi_map_calcdist                   |
 .  .  .  .  
 .  .  .  .  
 .  .  .  *  
 .  .  .  *  
 fi_map_update                     |
 fi_map_numerize                   |
 fi_map_surround                   |
 fi_map_calcdist                   |
 *  .  
 *  *  
 .  .  
 fi_map_update                     |
 fi_map_numerize                   |
 fi_map_surround                   |
 fi_map_calcdist                   |
 .  .  .  .  
 .  .  .  .  
 .  .  .  .  
 *  *  .  .  
 fi_map_update                     |
 fi_map_numerize                   |
 fi_map_surround                   |
 fi_map_calcdist                   |
 .  *  *  *  
 .  .  *  *  
 fi_map_update                     |
 fi_map_numerize                   |
 fi_map_surround                   |
 fi_map_calcdist                   |
 *  .  .  
 *  .  .  
 fi_map_update                     |
 fi_map_numerize                   |
 fi_map_surround                   |
 fi_map_calcdist                   |
 .  .  *  .  .  .  
 .  .  *  *  *  .  
 .  *  *  *  .  .  
 fi_map_update                     |
 fi_map_numerize                   |
 fi_map_surround                   |
 fi_map_calcdist                   |
 .  .  
 *  .  
 *  *  
 .  *  
 fi_map_update                     |
 fi_map_numerize                   |
 fi_map_surround                   |
 fi_map_calcdist                   |
 .  
 *  
 *  
 fi_map_update                     |
 fi_map_numerize                   |
 fi_map_surround                   |
 fi_map_calcdist                   |
 .  .  .  .  .  
 .  .  .  .  .  
 .  .  *  .  .  
 .  .  *  .  .  
 fi_map_update                     |
 fi_map_numerize                   |
 fi_map_surround                   |
 fi_map_calcdist                   |
 .  *  .  .  .  
 *  *  *  .  .  
 .  .  .  .  .  
 fi_map_update                     |
 fi_map_numerize                   |
 fi_map_surround                   |
 fi_map_calcdist                   |
 .  *  *  .  
 fi_map_update                     |
 fi_map_numerize                   |
 fi_map_surround                   |
 fi_map_calcdist                   |
 .  .  .  
 .  .  *  
 .  *  *  
 fi_map_update                     |
 fi_map_numerize                   |
 fi_map_surround                   |
 fi_map_calcdist                   |
 .  *  .  
 .  *  *  
 .  .  .  
 fi_map_update                     |
 fi_map_numerize                   |
 fi_map_surround                   |
 fi_map_calcdist                   |
 .  *  .  .  
 .  *  *  .  
 fi_map_update                     |
 fi_map_numerize                   |
 fi_map_surround                   |
 fi_map_calcdist                   |
 .  .  .  
 .  *  .  
 *  *  .  
 *  *  *  
 fi_map_update                     |
 fi_map_numerize                   |
 fi_map_surround                   |
 fi_map_calcdist                   |
 .  *  *  .  .  .  .  
 .  .  *  *  *  *  .  
 fi_map_update                     |
 fi_map_numerize                   |
 fi_map_surround                   |
 fi_map_calcdist                   |
 .  .  .  .  *  *  *  
 fi_map_update                     |
 fi_map_numerize                   |
 fi_map_surround                   |
 fi_map_calcdist                   |
 *  *  .  
 .  .  .  
 .  .  .  
 fi_map_update                     |
 fi_map_numerize                   |
 fi_map_surround                   |
 fi_map_calcdist                   |
 .  .  .  .  .  
 *  .  .  .  .  
 *  *  .  .  .  
 *  *  *  .  .  
 fi_map_update                     |
 fi_map_numerize                   |
 fi_map_surround                   |
 fi_map_calcdist                   |
 .  *  *  .  .  
 fi_map_update                     |
 fi_map_numerize                   |
 fi_map_surround                   |
 fi_map_calcdist                   |
 .  .  
 .  .  
 *  *  
 .  *  
 fi_map_update                     |
 fi_map_numerize                   |
 fi_map_surround                   |
 fi_map_calcdist                   |
 .  .  .  .  *  *  
 .  .  .  .  .  *  
 fi_map_update                     |
 fi_map_numerize                   |
 fi_map_surround                   |
 fi_map_calcdist                   |
 .  .  .  .  .  .  .  
 .  .  *  .  .  .  .  
 .  *  *  .  .  .  .  
 .  .  *  .  .  .  .  
 fi_map_update                     |
 fi_map_numerize                   |
 fi_map_surround                   |
 fi_map_calcdist                   |
 *  
 *  
 .  
 .  
 fi_map_update                     |
 fi_map_numerize                   |
 fi_map_surround                   |
 fi_map_calcdist                   |
 .  *  *  *  .  .  
 .  .  .  .  .  .  
 fi_map_update                     |
 fi_map_numerize                   |
 fi_map_surround                   |
 fi_map_calcdist                   |
 .  .  .  .  .  .  .  .  .  .  .  .  .  .  .  .  .  .  .  .  .  .  
 .  .  .  .  .  .  .  .  .  .  .  .  .  .  .  .  .  .  .  .  .  .  
 .  .  .  .  .  .  .  .  .  .  .  .  .  .  .  .  .  .  .  .  .  .  
 *  *  .  .  .  .  .  .  .  .  .  .  .  .  .  .  .  .  .  .  .  .  
 *  *  .  .  .  .  .  .  .  .  .  .  .  .  .  .  .  .  .  .  .  .  
 .  .  .  .  .  .  .  .  .  .  .  .  .  .  .  .  .  .  .  .  .  .  
 fi_map_update                     |
 fi_map_numerize                   |
 fi_map_surround                   |
 fi_map_calcdist                   |
 *  .  
 *  .  
 *  .  
 fi_map_update                     |
 fi_map_numerize                   |
 fi_map_surround                   |
 fi_map_calcdist                   |
 *  *  .  .  
 fi_map_update                     |
 fi_map_numerize                   |
 fi_map_surround                   |
 fi_map_calcdist                   |
 *  *  *  
 .  *  .  
 *  *  *  
 *  .  .  
 fi_map_update                     |
 fi_map_numerize                   |
 fi_map_surround                   |
 fi_map_calcdist                   |
 *  .  
 *  .  
 fi_map_update                     |
 fi_map_numerize                   |
 fi_map_surround                   |
 fi_map_calcdist                   |
 *  *  
 *  *  
 *  .  
 fi_map_update                     |
 fi_map_numerize                   |
 fi_map_surround                   |
 fi_map_calcdist                   |
 .  *  .  *  
 .  *  *  *  
 .  .  *  *  
 fi_map_update                     |
 fi_map_numerize                   |
 fi_map_surround                   |
 fi_map_calcdist                   |
 .  *  *  
 .  .  .  
 .  .  .  
 .  .  .  
 fi_map_update                     |
 fi_map_numerize                   |
 fi_map_surround                   |
 fi_map_calcdist                   |
 .  .  .  .  .  .  .  
 .  .  .  .  .  .  *  
 .  .  .  .  *  *  *  
 fi_map_update                     |
 fi_map_numerize                   |
 fi_map_surround                   |
 fi_map_calcdist                   |
 .  .  .  .  .  
 *  *  *  *  .  
 .  .  *  .  .  
 .  .  *  *  .  
 fi_map_update                     |
 fi_map_numerize                   |
 fi_map_surround                   |
 fi_map_calcdist                   |
 .  
 *  
 *  
 .  
 fi_map_update                     |
 fi_map_numerize                   |
 fi_map_surround                   |
 fi_map_calcdist                   |
 *  .  
 *  .  
 fi_map_update                     |
 fi_map_numerize                   |
 fi_map_surround                   |
 fi_map_calcdist                   |
 *  *  .  
 *  *  .  
 *  *  *  
 fi_map_update                     |
 fi_map_numerize                   |
 fi_map_surround                   |
 fi_map_calcdist                   |
 .  .  
 .  *  
 *  *  
 *  *  
 fi_map_update                     |
 fi_map_numerize                   |
 fi_map_surround                   |
 fi_map_calcdist                   |
 *  *  
 fi_map_update                     |
 fi_map_numerize                   |
 fi_map_surround                   |
 fi_map_calcdist                   |
 .  .  .  .  *  *  
 .  .  .  .  .  *  
 .  .  .  .  *  *  
 .  .  .  .  *  *  
 fi_map_update                     |
 fi_map_numerize                   |
 fi_map_surround                   |
 fi_map_calcdist                   |
